Arguments: 
  C:\nvm\v14.18.1\node.exe C:\Program Files (x86)\Yarn\bin\yarn.js add react-native-vector-icons

PATH: 
  C:\Users\Rosália Fernandes\bin;C:\Program Files\Git\mingw64\bin;C:\Program Files\Git\usr\local\bin;C:\Program Files\Git\usr\bin;C:\Program Files\Git\usr\bin;C:\Program Files\Git\mingw64\bin;C:\Program Files\Git\usr\bin;C:\Users\Rosália Fernandes\bin;C:\Program Files\Common Files\Oracle\Java\javapath;C:\Program Files\Eclipse Adoptium\jdk-17.0.3.7-hotspot\bin;C:\Python27;C:\Python27\Scripts;C:\Python310\Scripts;C:\Python310;C:\Windows\system32;C:\Windows;C:\Windows\System32\Wbem;C:\Windows\System32\WindowsPowerShell\v1.0;C:\Windows\System32\OpenSSH;C:\Program Files\Git\cmd;C:\ProgramData\chocolatey\bin;C:\Program Files (x86)\Yarn\bin;C:\nvm;C:\Program Files\nodejs;C:\Program Files\Java\jdk-18.0.1.1\bin;C:\Program Files\Docker\Docker\resources\bin;C:\ProgramData\DockerDesktop\version-bin;C:\Users\Rosália Fernandes\AppData\Local\Microsoft\WindowsApps;C:\Users\Rosália Fernandes\AppData\Local\Programs\Microsoft VS Code\bin;C:\Users\Rosália Fernandes\AppData\Local\Yarn\bin;C:\nvm;C:\Program Files\nodejs;C:\Program Files\JetBrains\IntelliJ IDEA 2022.1.1\bin;C:\Program Files\JetBrains\IntelliJ IDEA Community Edition 2022.1.1\bin;C:\Program Files\Git\usr\bin\vendor_perl;C:\Program Files\Git\usr\bin\core_perl

Yarn version: 
  1.22.15

Node version: 
  14.18.1

Platform: 
  win32 x64

Trace: 
  Error: 13504:error:1408F119:SSL routines:ssl3_get_record:decryption failed or bad record mac:c:\ws\deps\openssl\openssl\ssl\record\ssl3_record.c:677:

npm manifest: 
  {
    "name": "front-expo",
    "version": "1.0.0",
    "main": "node_modules/expo/AppEntry.js",
    "scripts": {
      "start": "expo start",
      "android": "expo start --android",
      "ios": "expo start --ios",
      "web": "expo start --web",
      "eject": "expo eject"
    },
    "dependencies": {
      "@react-native-picker/picker": "2.1.0",
      "@react-navigation/native": "^6.0.2",
      "@react-navigation/native-stack": "^6.1.0",
      "@react-navigation/stack": "^6.0.7",
      "axios": "^0.24.0",
      "expo": "~43.0.2",
      "expo-secure-store": "~11.0.3",
      "expo-status-bar": "~1.1.0",
      "react": "17.0.1",
      "react-dom": "17.0.1",
      "react-native": "0.64.3",
      "react-native-base64": "^0.2.1",
      "react-native-elements": "^3.4.2",
      "react-native-gesture-handler": "^1.10.3",
      "react-native-loading-spinner-overlay": "^2.0.0",
      "react-native-mask-input": "^1.1.0",
      "react-native-modalize": "^2.0.13",
      "react-native-paper": "^4.11.2",
      "react-native-radio-buttons-group": "^2.2.10",
      "react-native-reanimated": "^2.4.1",
      "react-native-root-toast": "^3.3.0",
      "react-native-safe-area-context": "^3.3.0",
      "react-native-screens": "^3.5.0",
      "react-native-vector-icons": "^8.1.0",
      "react-native-web": "0.17.1"
    },
    "devDependencies": {
      "@babel/core": "^7.12.9",
      "@babel/runtime": "^7.12.5",
      "@react-native-community/eslint-config": "^2.0.0",
      "@types/jest": "^26.0.23",
      "@types/react-native": "^0.64.5",
      "@types/react-test-renderer": "^16.9.2",
      "babel-jest": "^26.6.3",
      "eslint": "^7.14.0",
      "jest": "^26.6.3",
      "metro-react-native-babel-preset": "^0.64.0",
      "react-test-renderer": "17.0.1"
    },
    "private": true
  }

yarn manifest: 
  No manifest

Lockfile: 
  No lockfile
